<?xml version="1.0" encoding="UTF-8"?>
<testsuite xmlns:xsi="http://www.w3.org/2001/XMLSchema-instance" xsi:noNamespaceSchemaLocation="https://maven.apache.org/surefire/maven-surefire-plugin/xsd/surefire-test-report.xsd" name="com.abstratt.easyalpha.uriql.ParsingTests" time="0.151" tests="7" errors="0" skipped="0" failures="0">
  <properties>
[...]
</properties>
  <testcase name="composite" classname="com.abstratt.easyalpha.uriql.ParsingTests" time="0.084"/>
  <testcase name="composite_parenthesized" classname="com.abstratt.easyalpha.uriql.ParsingTests" time="0.002"/>
  <testcase name="comparison_parenthesized" classname="com.abstratt.easyalpha.uriql.ParsingTests" time="0.002"/>
  <testcase name="comparison" classname="com.abstratt.easyalpha.uriql.ParsingTests" time="0.001"/>
  <testcase name="complex" classname="com.abstratt.easyalpha.uriql.ParsingTests" time="0.001"/>
  <testcase name="invalid" classname="com.abstratt.easyalpha.uriql.ParsingTests" time="0.002"/>
  <testcase name="incomplete_input" classname="com.abstratt.easyalpha.uriql.ParsingTests" time="0.001"/>
</testsuite>